TN:
SF:/home/aykut/Apps/fem/src/Carousel.js
FN:9,(anonymous_0)
FN:12,(anonymous_1)
FN:18,(anonymous_2)
FN:24,(anonymous_3)
FN:30,(anonymous_4)
FNF:5
FNH:0
FNDA:0,(anonymous_0)
FNDA:0,(anonymous_1)
FNDA:0,(anonymous_2)
FNDA:0,(anonymous_3)
FNDA:0,(anonymous_4)
DA:10,0
DA:11,0
DA:12,0
DA:15,0
DA:19,0
DA:25,0
DA:26,0
DA:32,0
LF:8
LH:0
BRDA:11,0,0,0
BRDA:11,0,1,0
BRDA:11,1,0,0
BRDA:11,1,1,0
BRDA:11,1,2,0
BRDA:35,2,0,0
BRDA:35,2,1,0
BRF:7
BRH:0
end_of_record
TN:
SF:/home/aykut/Apps/fem/src/Details.js
FN:17,(anonymous_0)
FN:18,(anonymous_1)
FN:24,(anonymous_2)
FN:44,(anonymous_3)
FN:49,(anonymous_4)
FNF:5
FNH:3
FNDA:1,(anonymous_0)
FNDA:2,(anonymous_1)
FNDA:0,(anonymous_2)
FNDA:0,(anonymous_3)
FNDA:3,(anonymous_4)
DA:7,1
DA:17,1
DA:19,2
DA:25,0
DA:28,0
DA:29,0
DA:31,0
DA:34,0
DA:45,0
DA:50,3
DA:51,3
DA:62,0
DA:64,0
LF:13
LH:5
BRDA:28,0,0,0
BRDA:28,0,1,0
BRDA:50,1,0,3
BRDA:50,1,1,0
BRDA:73,2,0,0
BRDA:73,2,1,0
BRF:6
BRH:1
end_of_record
TN:
SF:/home/aykut/Apps/fem/src/Modal.js
FN:7,(anonymous_0)
FN:12,(anonymous_1)
FN:15,(anonymous_2)
FN:18,(anonymous_3)
FNF:4
FNH:0
FNDA:0,(anonymous_0)
FNDA:0,(anonymous_1)
FNDA:0,(anonymous_2)
FNDA:0,(anonymous_3)
DA:4,1
DA:8,0
DA:10,0
DA:13,0
DA:16,0
DA:19,0
LF:6
LH:1
BRF:0
BRH:0
end_of_record
